<?xml version='1.0' encoding='UTF-8'?>
<testsuite hostname="portable" name="fp1tests" tests="10" errors="0" failures="0" skipped="0" time="0.084" timestamp="2023-10-17T14:38:14">
          <properties>
[...]
</properties>
          <testcase classname="fp1tests" name="EX01 - factTest" time="0.03">
                      
                    </testcase><testcase classname="fp1tests" name="EX02 - fib" time="0.017">
                      
                    </testcase><testcase classname="fp1tests" name="EX03 - p1" time="0.0">
                      
                    </testcase><testcase classname="fp1tests" name="EX04 - t1" time="0.017">
                      
                    </testcase><testcase classname="fp1tests" name="EX05 - swap" time="0.0">
                      
                    </testcase><testcase classname="fp1tests" name="EX06 - sum" time="0.0">
                      
                    </testcase><testcase classname="fp1tests" name="EX07 - sumTail" time="0.0">
                      
                    </testcase><testcase classname="fp1tests" name="EX08 - maxList" time="0.012">
                      
                    </testcase><testcase classname="fp1tests" name="EX09 - maxTailAux" time="0.0">
                      
                    </testcase><testcase classname="fp1tests" name="EX10 - otpu" time="0.008">
                      
                    </testcase>
          <system-out><![CDATA[]]></system-out>
          <system-err><![CDATA[]]></system-err>
        </testsuite>