[0m[[0m[0mdebug[0m] [0m[0mRunning TaskDef(fp4tests, org.scalatest.tools.Framework$$anon$1@4be8071, false, [SuiteSelector])[0m
[0m[[0m[0mdebug[0m] [0m[0mRunning TaskDef(fp2tests, org.scalatest.tools.Framework$$anon$1@4be8071, false, [SuiteSelector])[0m
[0m[[0m[0mdebug[0m] [0m[0mRunning TaskDef(fp3tests, org.scalatest.tools.Framework$$anon$1@4be8071, false, [SuiteSelector])[0m
[0m[[0m[0mdebug[0m] [0m[0mRunning TaskDef(fp1tests, org.scalatest.tools.Framework$$anon$1@4be8071, false, [SuiteSelector])[0m
[0m[[0m[0minfo[0m] [0m[0m[32mfp2tests:[0m[0m
[0m[[0m[0minfo[0m] [0m[0m[31m- EX01 - map *** FAILED ***[0m[0m
[0m[[0m[0minfo[0m] [0m[0m[31m  java.lang.UnsupportedOperationException:[0m[0m
[0m[[0m[0minfo[0m] [0m[0m[31m  at fp2$.map(fp2.scala:44)[0m[0m
[0m[[0m[0minfo[0m] [0m[0m[31m  at fp2tests.testFun$proxy1$1(fp2tests.scala:14)[0m[0m
[0m[[0m[0minfo[0m] [0m[0m[31m  at fp2tests.$init$$$anonfun$2(fp2tests.scala:13)[0m[0m
[0m[[0m[0minfo[0m] [0m[0m[31m  at org.scalatest.Transformer.apply$$anonfun$1(Transformer.scala:22)[0m[0m
[0m[[0m[0minfo[0m] [0m[0m[31m  at org.scalatest.OutcomeOf.outcomeOf(OutcomeOf.scala:85)[0m[0m
[0m[[0m[0minfo[0m] [0m[0m[31m  at org.scalatest.OutcomeOf.outcomeOf$(OutcomeOf.scala:31)[0m[0m
[0m[[0m[0minfo[0m] [0m[0m[31m  at org.scalatest.OutcomeOf$.outcomeOf(OutcomeOf.scala:104)[0m[0m
[0m[[0m[0minfo[0m] [0m[0m[31m  at org.scalatest.Transformer.apply(Transformer.scala:22)[0m[0m
[0m[[0m[0minfo[0m] [0m[0m[31m  at org.scalatest.Transformer.apply(Transformer.scala:21)[0m[0m
[0m[[0m[0minfo[0m] [0m[0m[31m  at org.scalatest.propspec.AnyPropSpecLike$$anon$1.apply(AnyPropSpecLike.scala:204)[0m[0m
[0m[[0m[0minfo[0m] [0m[0m[31m  ...[0m[0m
[0m[[0m[0minfo[0m] [0m[0m[31m- EX02 - filter *** FAILED ***[0m[0m
[0m[[0m[0minfo[0m] [0m[0m[31m  java.lang.UnsupportedOperationException:[0m[0m
[0m[[0m[0minfo[0m] [0m[0m[31m  at fp2$.filter(fp2.scala:53)[0m[0m
[0m[[0m[0minfo[0m] [0m[0m[31m  at fp2tests.testFun$proxy2$1(fp2tests.scala:19)[0m[0m
[0m[[0m[0minfo[0m] [0m[0m[31m  at fp2tests.$init$$$anonfun$3(fp2tests.scala:18)[0m[0m
[0m[[0m[0minfo[0m] [0m[0m[31m  at org.scalatest.Transformer.apply$$anonfun$1(Transformer.scala:22)[0m[0m
[0m[[0m[0minfo[0m] [0m[0m[31m  at org.scalatest.OutcomeOf.outcomeOf(OutcomeOf.scala:85)[0m[0m
[0m[[0m[0minfo[0m] [0m[0m[31m  at org.scalatest.OutcomeOf.outcomeOf$(OutcomeOf.scala:31)[0m[0m
[0m[[0m[0minfo[0m] [0m[0m[31m  at org.scalatest.OutcomeOf$.outcomeOf(OutcomeOf.scala:104)[0m[0m
[0m[[0m[0minfo[0m] [0m[0m[31m  at org.scalatest.Transformer.apply(Transformer.scala:22)[0m[0m
[0m[[0m[0minfo[0m] [0m[0m[31m  at org.scalatest.Transformer.apply(Transformer.scala:21)[0m[0m
[0m[[0m[0minfo[0m] [0m[0m[31m  at org.scalatest.propspec.AnyPropSpecLike$$anon$1.apply(AnyPropSpecLike.scala:204)[0m[0m
[0m[[0m[0minfo[0m] [0m[0m[31m  ...[0m[0m
[0m[[0m[0minfo[0m] [0m[0m[31m- EX03 - append *** FAILED ***[0m[0m
[0m[[0m[0minfo[0m] [0m[0m[31m  java.lang.UnsupportedOperationException:[0m[0m
[0m[[0m[0minfo[0m] [0m[0m[31m  at fp2$.append(fp2.scala:64)[0m[0m
[0m[[0m[0minfo[0m] [0m[0m[31m  at fp2tests.testFun$proxy3$1(fp2tests.scala:27)[0m[0m
[0m[[0m[0minfo[0m] [0m[0m[31m  at fp2tests.$init$$$anonfun$4(fp2tests.scala:26)[0m[0m
[0m[[0m[0minfo[0m] [0m[0m[31m  at org.scalatest.Transformer.apply$$anonfun$1(Transformer.scala:22)[0m[0m
[0m[[0m[0minfo[0m] [0m[0m[31m  at org.scalatest.OutcomeOf.outcomeOf(OutcomeOf.scala:85)[0m[0m
[0m[[0m[0minfo[0m] [0m[0m[31m  at org.scalatest.OutcomeOf.outcomeOf$(OutcomeOf.scala:31)[0m[0m
[0m[[0m[0minfo[0m] [0m[0m[31m  at org.scalatest.OutcomeOf$.outcomeOf(OutcomeOf.scala:104)[0m[0m
[0m[[0m[0minfo[0m] [0m[0m[31m  at org.scalatest.Transformer.apply(Transformer.scala:22)[0m[0m
[0m[[0m[0minfo[0m] [0m[0m[31m  at org.scalatest.Transformer.apply(Transformer.scala:21)[0m[0m
[0m[[0m[0minfo[0m] [0m[0m[31m  at org.scalatest.propspec.AnyPropSpecLike$$anon$1.apply(AnyPropSpecLike.scala:204)[0m[0m
[0m[[0m[0minfo[0m] [0m[0m[31m  ...[0m[0m
[0m[[0m[0minfo[0m] [0m[0m[31m- EX04 - flatten *** FAILED ***[0m[0m
[0m[[0m[0minfo[0m] [0m[0m[31m  java.lang.UnsupportedOperationException:[0m[0m
[0m[[0m[0minfo[0m] [0m[0m[31m  at fp2$.flatten(fp2.scala:79)[0m[0m
[0m[[0m[0minfo[0m] [0m[0m[31m  at fp2tests.testFun$proxy4$1(fp2tests.scala:34)[0m[0m
[0m[[0m[0minfo[0m] [0m[0m[31m  at fp2tests.$init$$$anonfun$5(fp2tests.scala:33)[0m[0m
[0m[[0m[0minfo[0m] [0m[0m[31m  at org.scalatest.Transformer.apply$$anonfun$1(Transformer.scala:22)[0m[0m
[0m[[0m[0minfo[0m] [0m[0m[31m  at org.scalatest.OutcomeOf.outcomeOf(OutcomeOf.scala:85)[0m[0m
[0m[[0m[0minfo[0m] [0m[0m[31m  at org.scalatest.OutcomeOf.outcomeOf$(OutcomeOf.scala:31)[0m[0m
[0m[[0m[0minfo[0m] [0m[0m[31m  at org.scalatest.OutcomeOf$.outcomeOf(OutcomeOf.scala:104)[0m[0m
[0m[[0m[0minfo[0m] [0m[0m[31m  at org.scalatest.Transformer.apply(Transformer.scala:22)[0m[0m
[0m[[0m[0minfo[0m] [0m[0m[31m  at org.scalatest.Transformer.apply(Transformer.scala:21)[0m[0m
[0m[[0m[0minfo[0m] [0m[0m[31m  at org.scalatest.propspec.AnyPropSpecLike$$anon$1.apply(AnyPropSpecLike.scala:204)[0m[0m
[0m[[0m[0minfo[0m] [0m[0m[31m  ...[0m[0m
[0m[[0m[0minfo[0m] [0m[0m[31m- EX05 - foldLeft *** FAILED ***[0m[0m
[0m[[0m[0minfo[0m] [0m[0m[31m  java.lang.UnsupportedOperationException:[0m[0m
[0m[[0m[0minfo[0m] [0m[0m[31m  at fp2$.foldLeft(fp2.scala:91)[0m[0m
[0m[[0m[0minfo[0m] [0m[0m[31m  at fp2tests.testFun$proxy5$1(fp2tests.scala:42)[0m[0m
[0m[[0m[0minfo[0m] [0m[0m[31m  at fp2tests.$init$$$anonfun$6(fp2tests.scala:40)[0m[0m
[0m[[0m[0minfo[0m] [0m[0m[31m  at org.scalatest.Transformer.apply$$anonfun$1(Transformer.scala:22)[0m[0m
[0m[[0m[0minfo[0m] [0m[0m[31m  at org.scalatest.OutcomeOf.outcomeOf(OutcomeOf.scala:85)[0m[0m
[0m[[0m[0minfo[0m] [0m[0m[31m  at org.scalatest.OutcomeOf.outcomeOf$(OutcomeOf.scala:31)[0m[0m
[0m[[0m[0minfo[0m] [0m[0m[31m  at org.scalatest.OutcomeOf$.outcomeOf(OutcomeOf.scala:104)[0m[0m
[0m[[0m[0minfo[0m] [0m[0m[31m  at org.scalatest.Transformer.apply(Transformer.scala:22)[0m[0m
[0m[[0m[0minfo[0m] [0m[0m[31m  at org.scalatest.Transformer.apply(Transformer.scala:21)[0m[0m
[0m[[0m[0minfo[0m] [0m[0m[31m  at org.scalatest.propspec.AnyPropSpecLike$$anon$1.apply(AnyPropSpecLike.scala:204)[0m[0m
[0m[[0m[0minfo[0m] [0m[0m[31m  ...[0m[0m
[0m[[0m[0minfo[0m] [0m[0m[31m- EX06 - foldRight *** FAILED ***[0m[0m
[0m[[0m[0minfo[0m] [0m[0m[31m  java.lang.UnsupportedOperationException:[0m[0m
[0m[[0m[0minfo[0m] [0m[0m[31m  at fp2$.foldRight(fp2.scala:103)[0m[0m
[0m[[0m[0minfo[0m] [0m[0m[31m  at fp2tests.testFun$proxy6$1(fp2tests.scala:48)[0m[0m
[0m[[0m[0minfo[0m] [0m[0m[31m  at fp2tests.$init$$$anonfun$7(fp2tests.scala:46)[0m[0m
[0m[[0m[0minfo[0m] [0m[0m[31m  at org.scalatest.Transformer.apply$$anonfun$1(Transformer.scala:22)[0m[0m
[0m[[0m[0minfo[0m] [0m[0m[31m  at org.scalatest.OutcomeOf.outcomeOf(OutcomeOf.scala:85)[0m[0m
[0m[[0m[0minfo[0m] [0m[0m[31m  at org.scalatest.OutcomeOf.outcomeOf$(OutcomeOf.scala:31)[0m[0m
[0m[[0m[0minfo[0m] [0m[0m[31m  at org.scalatest.OutcomeOf$.outcomeOf(OutcomeOf.scala:104)[0m[0m
[0m[[0m[0minfo[0m] [0m[0m[31m  at org.scalatest.Transformer.apply(Transformer.scala:22)[0m[0m
[0m[[0m[0minfo[0m] [0m[0m[31m  at org.scalatest.Transformer.apply(Transformer.scala:21)[0m[0m
[0m[[0m[0minfo[0m] [0m[0m[31m  at org.scalatest.propspec.AnyPropSpecLike$$anon$1.apply(AnyPropSpecLike.scala:204)[0m[0m
[0m[[0m[0minfo[0m] [0m[0m[31m  ...[0m[0m
[0m[[0m[0minfo[0m] [0m[0m[31m- EX07 - joinTerminateRight *** FAILED ***[0m[0m
[0m[[0m[0minfo[0m] [0m[0m[31m  java.lang.UnsupportedOperationException:[0m[0m
[0m[[0m[0minfo[0m] [0m[0m[31m  at fp2$.joinTerminateRight(fp2.scala:119)[0m[0m
[0m[[0m[0minfo[0m] [0m[0m[31m  at fp2tests.testFun$proxy7$1(fp2tests.scala:53)[0m[0m
[0m[[0m[0minfo[0m] [0m[0m[31m  at fp2tests.$init$$$anonfun$8(fp2tests.scala:52)[0m[0m
[0m[[0m[0minfo[0m] [0m[0m[31m  at org.scalatest.Transformer.apply$$anonfun$1(Transformer.scala:22)[0m[0m
[0m[[0m[0minfo[0m] [0m[0m[31m  at org.scalatest.OutcomeOf.outcomeOf(OutcomeOf.scala:85)[0m[0m
[0m[[0m[0minfo[0m] [0m[0m[31m  at org.scalatest.OutcomeOf.outcomeOf$(OutcomeOf.scala:31)[0m[0m
[0m[[0m[0minfo[0m] [0m[0m[31m  at org.scalatest.OutcomeOf$.outcomeOf(OutcomeOf.scala:104)[0m[0m
[0m[[0m[0minfo[0m] [0m[0m[31m  at org.scalatest.Transformer.apply(Transformer.scala:22)[0m[0m
[0m[[0m[0minfo[0m] [0m[0m[31m  at org.scalatest.Transformer.apply(Transformer.scala:21)[0m[0m
[0m[[0m[0minfo[0m] [0m[0m[31m  at org.scalatest.propspec.AnyPropSpecLike$$anon$1.apply(AnyPropSpecLike.scala:204)[0m[0m
[0m[[0m[0minfo[0m] [0m[0m[31m  ...[0m[0m
[0m[[0m[0minfo[0m] [0m[0m[31m- EX08 - joinTerminateLeft *** FAILED ***[0m[0m
[0m[[0m[0minfo[0m] [0m[0m[31m  java.lang.UnsupportedOperationException:[0m[0m
[0m[[0m[0minfo[0m] [0m[0m[31m  at fp2$.joinTerminateLeft(fp2.scala:135)[0m[0m
[0m[[0m[0minfo[0m] [0m[0m[31m  at fp2tests.testFun$proxy8$1(fp2tests.scala:59)[0m[0m
[0m[[0m[0minfo[0m] [0m[0m[31m  at fp2tests.$init$$$anonfun$9(fp2tests.scala:58)[0m[0m
[0m[[0m[0minfo[0m] [0m[0m[31m  at org.scalatest.Transformer.apply$$anonfun$1(Transformer.scala:22)[0m[0m
[0m[[0m[0minfo[0m] [0m[0m[31m  at org.scalatest.OutcomeOf.outcomeOf(OutcomeOf.scala:85)[0m[0m
[0m[[0m[0minfo[0m] [0m[0m[31m  at org.scalatest.OutcomeOf.outcomeOf$(OutcomeOf.scala:31)[0m[0m
[0m[[0m[0minfo[0m] [0m[0m[31m  at org.scalatest.OutcomeOf$.outcomeOf(OutcomeOf.scala:104)[0m[0m
[0m[[0m[0minfo[0m] [0m[0m[31m  at org.scalatest.Transformer.apply(Transformer.scala:22)[0m[0m
[0m[[0m[0minfo[0m] [0m[0m[31m  at org.scalatest.Transformer.apply(Transformer.scala:21)[0m[0m
[0m[[0m[0minfo[0m] [0m[0m[31m  at org.scalatest.propspec.AnyPropSpecLike$$anon$1.apply(AnyPropSpecLike.scala:204)[0m[0m
[0m[[0m[0minfo[0m] [0m[0m[31m  ...[0m[0m
[0m[[0m[0minfo[0m] [0m[0m[31m- EX09 - firstNumGreaterOrEqual *** FAILED ***[0m[0m
[0m[[0m[0minfo[0m] [0m[0m[31m  java.lang.UnsupportedOperationException:[0m[0m
[0m[[0m[0minfo[0m] [0m[0m[31m  at fp2$.firstNumGreaterOrEqual(fp2.scala:150)[0m[0m
[0m[[0m[0minfo[0m] [0m[0m[31m  at fp2tests.testFun$proxy9$1(fp2tests.scala:65)[0m[0m
[0m[[0m[0minfo[0m] [0m[0m[31m  at fp2tests.$init$$$anonfun$10(fp2tests.scala:64)[0m[0m
[0m[[0m[0minfo[0m] [0m[0m[31m  at org.scalatest.Transformer.apply$$anonfun$1(Transformer.scala:22)[0m[0m
[0m[[0m[0minfo[0m] [0m[0m[31m  at org.scalatest.OutcomeOf.outcomeOf(OutcomeOf.scala:85)[0m[0m
[0m[[0m[0minfo[0m] [0m[0m[31m  at org.scalatest.OutcomeOf.outcomeOf$(OutcomeOf.scala:31)[0m[0m
[0m[[0m[0minfo[0m] [0m[0m[31m  at org.scalatest.OutcomeOf$.outcomeOf(OutcomeOf.scala:104)[0m[0m
[0m[[0m[0minfo[0m] [0m[0m[31m  at org.scalatest.Transformer.apply(Transformer.scala:22)[0m[0m
[0m[[0m[0minfo[0m] [0m[0m[31m  at org.scalatest.Transformer.apply(Transformer.scala:21)[0m[0m
[0m[[0m[0minfo[0m] [0m[0m[31m  at org.scalatest.propspec.AnyPropSpecLike$$anon$1.apply(AnyPropSpecLike.scala:204)[0m[0m
[0m[[0m[0minfo[0m] [0m[0m[31m  ...[0m[0m
[0m[[0m[0minfo[0m] [0m[0m[31m- EX10 - firstIndexNumGreaterOrEqual *** FAILED ***[0m[0m
[0m[[0m[0minfo[0m] [0m[0m[31m  java.lang.UnsupportedOperationException:[0m[0m
[0m[[0m[0minfo[0m] [0m[0m[31m  at fp2$.firstIndexNumGreaterOrEqual(fp2.scala:169)[0m[0m
[0m[[0m[0minfo[0m] [0m[0m[31m  at fp2tests.testFun$proxy10$1(fp2tests.scala:71)[0m[0m
[0m[[0m[0minfo[0m] [0m[0m[31m  at fp2tests.$init$$$anonfun$11(fp2tests.scala:70)[0m[0m
[0m[[0m[0minfo[0m] [0m[0m[31m  at org.scalatest.Transformer.apply$$anonfun$1(Transformer.scala:22)[0m[0m
[0m[[0m[0minfo[0m] [0m[0m[31m  at org.scalatest.OutcomeOf.outcomeOf(OutcomeOf.scala:85)[0m[0m
[0m[[0m[0minfo[0m] [0m[0m[31m  at org.scalatest.OutcomeOf.outcomeOf$(OutcomeOf.scala:31)[0m[0m
[0m[[0m[0minfo[0m] [0m[0m[31m  at org.scalatest.OutcomeOf$.outcomeOf(OutcomeOf.scala:104)[0m[0m
[0m[[0m[0minfo[0m] [0m[0m[31m  at org.scalatest.Transformer.apply(Transformer.scala:22)[0m[0m
[0m[[0m[0minfo[0m] [0m[0m[31m  at org.scalatest.Transformer.apply(Transformer.scala:21)[0m[0m
[0m[[0m[0minfo[0m] [0m[0m[31m  at org.scalatest.propspec.AnyPropSpecLike$$anon$1.apply(AnyPropSpecLike.scala:204)[0m[0m
[0m[[0m[0minfo[0m] [0m[0m[31m  ...[0m[0m
[0m[[0m[0minfo[0m] [0m[0m[32mfp4tests:[0m[0m
[0m[[0m[0minfo[0m] [0m[0m[32m- EX01 - constant5[0m[0m
[0m[[0m[0minfo[0m] [0m[0m[32m- EX02 - constant[0m[0m
[0m[[0m[0minfo[0m] [0m[0m[32m- EX03 - counter0[0m[0m
[0m[[0m[0minfo[0m] [0m[0m[32m- EX04 - counter[0m[0m
[0m[[0m[0minfo[0m] [0m[0m[32m- EX05 - getAndSet[0m[0m
[0m[[0m[0minfo[0m] [0m[0m[32m- EX06 - observeCounter[0m[0m
[0m[[0m[0minfo[0m] [0m[0m[32m- EX07 - observeCounterList[0m[0m
[0m[[0m[0minfo[0m] [0m[0m[32m- EX08 - observeCounterArray[0m[0m
[0m[[0m[0minfo[0m] [0m[0m[32mfp3tests:[0m[0m
[0m[[0m[0minfo[0m] [0m[0m[31m- EX01 - member *** FAILED ***[0m[0m
[0m[[0m[0minfo[0m] [0m[0m[31m  java.lang.UnsupportedOperationException:[0m[0m
[0m[[0m[0minfo[0m] [0m[0m[31m  at fp3$.member(fp3.scala:48)[0m[0m
[0m[[0m[0minfo[0m] [0m[0m[31m  at fp3tests.testFun$proxy1$1(fp3tests.scala:14)[0m[0m
[0m[[0m[0minfo[0m] [0m[0m[31m  at fp3tests.$init$$$anonfun$2(fp3tests.scala:13)[0m[0m
[0m[[0m[0minfo[0m] [0m[0m[31m  at org.scalatest.Transformer.apply$$anonfun$1(Transformer.scala:22)[0m[0m
[0m[[0m[0minfo[0m] [0m[0m[31m  at org.scalatest.OutcomeOf.outcomeOf(OutcomeOf.scala:85)[0m[0m
[0m[[0m[0minfo[0m] [0m[0m[31m  at org.scalatest.OutcomeOf.outcomeOf$(OutcomeOf.scala:31)[0m[0m
[0m[[0m[0minfo[0m] [0m[0m[31m  at org.scalatest.OutcomeOf$.outcomeOf(OutcomeOf.scala:104)[0m[0m
[0m[[0m[0minfo[0m] [0m[0m[31m  at org.scalatest.Transformer.apply(Transformer.scala:22)[0m[0m
[0m[[0m[0minfo[0m] [0m[0m[31m  at org.scalatest.Transformer.apply(Transformer.scala:21)[0m[0m
[0m[[0m[0minfo[0m] [0m[0m[31m  at org.scalatest.propspec.AnyPropSpecLike$$anon$1.apply(AnyPropSpecLike.scala:204)[0m[0m
[0m[[0m[0minfo[0m] [0m[0m[31m  ...[0m[0m
[0m[[0m[0minfo[0m] [0m[0m[31m- EX02 - allEqual *** FAILED ***[0m[0m
[0m[[0m[0minfo[0m] [0m[0m[31m  java.lang.UnsupportedOperationException:[0m[0m
[0m[[0m[0minfo[0m] [0m[0m[31m  at fp3$.allEqual(fp3.scala:62)[0m[0m
[0m[[0m[0minfo[0m] [0m[0m[31m  at fp3tests.testFun$proxy2$1(fp3tests.scala:19)[0m[0m
[0m[[0m[0minfo[0m] [0m[0m[31m  at fp3tests.$init$$$anonfun$3(fp3tests.scala:18)[0m[0m
[0m[[0m[0minfo[0m] [0m[0m[31m  at org.scalatest.Transformer.apply$$anonfun$1(Transformer.scala:22)[0m[0m
[0m[[0m[0minfo[0m] [0m[0m[31m  at org.scalatest.OutcomeOf.outcomeOf(OutcomeOf.scala:85)[0m[0m
[0m[[0m[0minfo[0m] [0m[0m[31m  at org.scalatest.OutcomeOf.outcomeOf$(OutcomeOf.scala:31)[0m[0m
[0m[[0m[0minfo[0m] [0m[0m[31m  at org.scalatest.OutcomeOf$.outcomeOf(OutcomeOf.scala:104)[0m[0m
[0m[[0m[0minfo[0m] [0m[0m[31m  at org.scalatest.Transformer.apply(Transformer.scala:22)[0m[0m
[0m[[0m[0minfo[0m] [0m[0m[31m  at org.scalatest.Transformer.apply(Transformer.scala:21)[0m[0m
[0m[[0m[0minfo[0m] [0m[0m[31m  at org.scalatest.propspec.AnyPropSpecLike$$anon$1.apply(AnyPropSpecLike.scala:204)[0m[0m
[0m[[0m[0minfo[0m] [0m[0m[31m  ...[0m[0m
[0m[[0m[0minfo[0m] [0m[0m[31m- EX03 - stringLengths *** FAILED ***[0m[0m
[0m[[0m[0minfo[0m] [0m[0m[31m  java.lang.UnsupportedOperationException:[0m[0m
[0m[[0m[0minfo[0m] [0m[0m[31m  at fp3$.stringLengths(fp3.scala:75)[0m[0m
[0m[[0m[0minfo[0m] [0m[0m[31m  at fp3tests.testFun$proxy3$1(fp3tests.scala:31)[0m[0m
[0m[[0m[0minfo[0m] [0m[0m[31m  at fp3tests.$init$$$anonfun$4(fp3tests.scala:30)[0m[0m
[0m[[0m[0minfo[0m] [0m[0m[31m  at org.scalatest.Transformer.apply$$anonfun$1(Transformer.scala:22)[0m[0m
[0m[[0m[0minfo[0m] [0m[0m[31m  at org.scalatest.OutcomeOf.outcomeOf(OutcomeOf.scala:85)[0m[0m
[0m[[0m[0minfo[0m] [0m[0m[31m  at org.scalatest.OutcomeOf.outcomeOf$(OutcomeOf.scala:31)[0m[0m
[0m[[0m[0minfo[0m] [0m[0m[31m  at org.scalatest.OutcomeOf$.outcomeOf(OutcomeOf.scala:104)[0m[0m
[0m[[0m[0minfo[0m] [0m[0m[31m  at org.scalatest.Transformer.apply(Transformer.scala:22)[0m[0m
[0m[[0m[0minfo[0m] [0m[0m[31m  at org.scalatest.Transformer.apply(Transformer.scala:21)[0m[0m
[0m[[0m[0minfo[0m] [0m[0m[31m  at org.scalatest.propspec.AnyPropSpecLike$$anon$1.apply(AnyPropSpecLike.scala:204)[0m[0m
[0m[[0m[0minfo[0m] [0m[0m[31m  ...[0m[0m
[0m[[0m[0minfo[0m] [0m[0m[31m- EX04 - delete1 *** FAILED ***[0m[0m
[0m[[0m[0minfo[0m] [0m[0m[31m  java.lang.UnsupportedOperationException:[0m[0m
[0m[[0m[0minfo[0m] [0m[0m[31m  at fp3$.delete1(fp3.scala:88)[0m[0m
[0m[[0m[0minfo[0m] [0m[0m[31m  at fp3tests.testFun$proxy4$1(fp3tests.scala:36)[0m[0m
[0m[[0m[0minfo[0m] [0m[0m[31m  at fp3tests.$init$$$anonfun$5(fp3tests.scala:35)[0m[0m
[0m[[0m[0minfo[0m] [0m[0m[31m  at org.scalatest.Transformer.apply$$anonfun$1(Transformer.scala:22)[0m[0m
[0m[[0m[0minfo[0m] [0m[0m[31m  at org.scalatest.OutcomeOf.outcomeOf(OutcomeOf.scala:85)[0m[0m
[0m[[0m[0minfo[0m] [0m[0m[31m  at org.scalatest.OutcomeOf.outcomeOf$(OutcomeOf.scala:31)[0m[0m
[0m[[0m[0minfo[0m] [0m[0m[31m  at org.scalatest.OutcomeOf$.outcomeOf(OutcomeOf.scala:104)[0m[0m
[0m[[0m[0minfo[0m] [0m[0m[31m  at org.scalatest.Transformer.apply(Transformer.scala:22)[0m[0m
[0m[[0m[0minfo[0m] [0m[0m[31m  at org.scalatest.Transformer.apply(Transformer.scala:21)[0m[0m
[0m[[0m[0minfo[0m] [0m[0m[31m  at org.scalatest.propspec.AnyPropSpecLike$$anon$1.apply(AnyPropSpecLike.scala:204)[0m[0m
[0m[[0m[0minfo[0m] [0m[0m[31m  ...[0m[0m
[0m[[0m[0minfo[0m] [0m[0m[31m- EX05 - delete2 *** FAILED ***[0m[0m
[0m[[0m[0minfo[0m] [0m[0m[31m  java.lang.UnsupportedOperationException:[0m[0m
[0m[[0m[0minfo[0m] [0m[0m[31m  at fp3$.delete2(fp3.scala:98)[0m[0m
[0m[[0m[0minfo[0m] [0m[0m[31m  at fp3tests.testFun$proxy5$1(fp3tests.scala:41)[0m[0m
[0m[[0m[0minfo[0m] [0m[0m[31m  at fp3tests.$init$$$anonfun$6(fp3tests.scala:40)[0m[0m
[0m[[0m[0minfo[0m] [0m[0m[31m  at org.scalatest.Transformer.apply$$anonfun$1(Transformer.scala:22)[0m[0m
[0m[[0m[0minfo[0m] [0m[0m[31m  at org.scalatest.OutcomeOf.outcomeOf(OutcomeOf.scala:85)[0m[0m
[0m[[0m[0minfo[0m] [0m[0m[31m  at org.scalatest.OutcomeOf.outcomeOf$(OutcomeOf.scala:31)[0m[0m
[0m[[0m[0minfo[0m] [0m[0m[31m  at org.scalatest.OutcomeOf$.outcomeOf(OutcomeOf.scala:104)[0m[0m
[0m[[0m[0minfo[0m] [0m[0m[31m  at org.scalatest.Transformer.apply(Transformer.scala:22)[0m[0m
[0m[[0m[0minfo[0m] [0m[0m[31m  at org.scalatest.Transformer.apply(Transformer.scala:21)[0m[0m
[0m[[0m[0minfo[0m] [0m[0m[31m  at org.scalatest.propspec.AnyPropSpecLike$$anon$1.apply(AnyPropSpecLike.scala:204)[0m[0m
[0m[[0m[0minfo[0m] [0m[0m[31m  ...[0m[0m
[0m[[0m[0minfo[0m] [0m[0m[31m- EX06 - delete3 *** FAILED ***[0m[0m
[0m[[0m[0minfo[0m] [0m[0m[31m  java.lang.UnsupportedOperationException:[0m[0m
[0m[[0m[0minfo[0m] [0m[0m[31m  at fp3$.delete3(fp3.scala:107)[0m[0m
[0m[[0m[0minfo[0m] [0m[0m[31m  at fp3tests.testFun$proxy6$1(fp3tests.scala:46)[0m[0m
[0m[[0m[0minfo[0m] [0m[0m[31m  at fp3tests.$init$$$anonfun$7(fp3tests.scala:45)[0m[0m
[0m[[0m[0minfo[0m] [0m[0m[31m  at org.scalatest.Transformer.apply$$anonfun$1(Transformer.scala:22)[0m[0m
[0m[[0m[0minfo[0m] [0m[0m[31m  at org.scalatest.OutcomeOf.outcomeOf(OutcomeOf.scala:85)[0m[0m
[0m[[0m[0minfo[0m] [0m[0m[31m  at org.scalatest.OutcomeOf.outcomeOf$(OutcomeOf.scala:31)[0m[0m
[0m[[0m[0minfo[0m] [0m[0m[31m  at org.scalatest.OutcomeOf$.outcomeOf(OutcomeOf.scala:104)[0m[0m
[0m[[0m[0minfo[0m] [0m[0m[31m  at org.scalatest.Transformer.apply(Transformer.scala:22)[0m[0m
[0m[[0m[0minfo[0m] [0m[0m[31m  at org.scalatest.Transformer.apply(Transformer.scala:21)[0m[0m
[0m[[0m[0minfo[0m] [0m[0m[31m  at org.scalatest.propspec.AnyPropSpecLike$$anon$1.apply(AnyPropSpecLike.scala:204)[0m[0m
[0m[[0m[0minfo[0m] [0m[0m[31m  ...[0m[0m
[0m[[0m[0minfo[0m] [0m[0m[31m- EX07 - removeDupes1 *** FAILED ***[0m[0m
[0m[[0m[0minfo[0m] [0m[0m[31m  java.lang.UnsupportedOperationException:[0m[0m
[0m[[0m[0minfo[0m] [0m[0m[31m  at fp3$.removeDupes1(fp3.scala:121)[0m[0m
[0m[[0m[0minfo[0m] [0m[0m[31m  at fp3tests.testFun$proxy7$1(fp3tests.scala:51)[0m[0m
[0m[[0m[0minfo[0m] [0m[0m[31m  at fp3tests.$init$$$anonfun$8(fp3tests.scala:50)[0m[0m
[0m[[0m[0minfo[0m] [0m[0m[31m  at org.scalatest.Transformer.apply$$anonfun$1(Transformer.scala:22)[0m[0m
[0m[[0m[0minfo[0m] [0m[0m[31m  at org.scalatest.OutcomeOf.outcomeOf(OutcomeOf.scala:85)[0m[0m
[0m[[0m[0minfo[0m] [0m[0m[31m  at org.scalatest.OutcomeOf.outcomeOf$(OutcomeOf.scala:31)[0m[0m
[0m[[0m[0minfo[0m] [0m[0m[31m  at org.scalatest.OutcomeOf$.outcomeOf(OutcomeOf.scala:104)[0m[0m
[0m[[0m[0minfo[0m] [0m[0m[31m  at org.scalatest.Transformer.apply(Transformer.scala:22)[0m[0m
[0m[[0m[0minfo[0m] [0m[0m[31m  at org.scalatest.Transformer.apply(Transformer.scala:21)[0m[0m
[0m[[0m[0minfo[0m] [0m[0m[31m  at org.scalatest.propspec.AnyPropSpecLike$$anon$1.apply(AnyPropSpecLike.scala:204)[0m[0m
[0m[[0m[0minfo[0m] [0m[0m[31m  ...[0m[0m
[0m[[0m[0minfo[0m] [0m[0m[31m- EX08 - removeDupes2 *** FAILED ***[0m[0m
[0m[[0m[0minfo[0m] [0m[0m[31m  java.lang.UnsupportedOperationException:[0m[0m
[0m[[0m[0minfo[0m] [0m[0m[31m  at fp3$.removeDupes2(fp3.scala:137)[0m[0m
[0m[[0m[0minfo[0m] [0m[0m[31m  at fp3tests.testFun$proxy8$1(fp3tests.scala:56)[0m[0m
[0m[[0m[0minfo[0m] [0m[0m[31m  at fp3tests.$init$$$anonfun$9(fp3tests.scala:55)[0m[0m
[0m[[0m[0minfo[0m] [0m[0m[31m  at org.scalatest.Transformer.apply$$anonfun$1(Transformer.scala:22)[0m[0m
[0m[[0m[0minfo[0m] [0m[0m[31m  at org.scalatest.OutcomeOf.outcomeOf(OutcomeOf.scala:85)[0m[0m
[0m[[0m[0minfo[0m] [0m[0m[31m  at org.scalatest.OutcomeOf.outcomeOf$(OutcomeOf.scala:31)[0m[0m
[0m[[0m[0minfo[0m] [0m[0m[31m  at org.scalatest.OutcomeOf$.outcomeOf(OutcomeOf.scala:104)[0m[0m
[0m[[0m[0minfo[0m] [0m[0m[31m  at org.scalatest.Transformer.apply(Transformer.scala:22)[0m[0m
[0m[[0m[0minfo[0m] [0m[0m[31m  at org.scalatest.Transformer.apply(Transformer.scala:21)[0m[0m
[0m[[0m[0minfo[0m] [0m[0m[31m  at org.scalatest.propspec.AnyPropSpecLike$$anon$1.apply(AnyPropSpecLike.scala:204)[0m[0m
[0m[[0m[0minfo[0m] [0m[0m[31m  ...[0m[0m
[0m[[0m[0minfo[0m] [0m[0m[31m- EX09 - splitAt *** FAILED ***[0m[0m
[0m[[0m[0minfo[0m] [0m[0m[31m  java.lang.UnsupportedOperationException:[0m[0m
[0m[[0m[0minfo[0m] [0m[0m[31m  at fp3$.splitAt(fp3.scala:175)[0m[0m
[0m[[0m[0minfo[0m] [0m[0m[31m  at fp3tests.testFun$proxy9$1(fp3tests.scala:61)[0m[0m
[0m[[0m[0minfo[0m] [0m[0m[31m  at fp3tests.$init$$$anonfun$10(fp3tests.scala:60)[0m[0m
[0m[[0m[0minfo[0m] [0m[0m[31m  at org.scalatest.Transformer.apply$$anonfun$1(Transformer.scala:22)[0m[0m
[0m[[0m[0minfo[0m] [0m[0m[31m  at org.scalatest.OutcomeOf.outcomeOf(OutcomeOf.scala:85)[0m[0m
[0m[[0m[0minfo[0m] [0m[0m[31m  at org.scalatest.OutcomeOf.outcomeOf$(OutcomeOf.scala:31)[0m[0m
[0m[[0m[0minfo[0m] [0m[0m[31m  at org.scalatest.OutcomeOf$.outcomeOf(OutcomeOf.scala:104)[0m[0m
[0m[[0m[0minfo[0m] [0m[0m[31m  at org.scalatest.Transformer.apply(Transformer.scala:22)[0m[0m
[0m[[0m[0minfo[0m] [0m[0m[31m  at org.scalatest.Transformer.apply(Transformer.scala:21)[0m[0m
[0m[[0m[0minfo[0m] [0m[0m[31m  at org.scalatest.propspec.AnyPropSpecLike$$anon$1.apply(AnyPropSpecLike.scala:204)[0m[0m
[0m[[0m[0minfo[0m] [0m[0m[31m  ...[0m[0m
[0m[[0m[0minfo[0m] [0m[0m[31m- EX10 - allDistinct *** FAILED ***[0m[0m
[0m[[0m[0minfo[0m] [0m[0m[31m  java.lang.UnsupportedOperationException:[0m[0m
[0m[[0m[0minfo[0m] [0m[0m[31m  at fp3$.allDistinct(fp3.scala:191)[0m[0m
[0m[[0m[0minfo[0m] [0m[0m[31m  at fp3tests.testFun$proxy10$1(fp3tests.scala:70)[0m[0m
[0m[[0m[0minfo[0m] [0m[0m[31m  at fp3tests.$init$$$anonfun$11(fp3tests.scala:69)[0m[0m
[0m[[0m[0minfo[0m] [0m[0m[31m  at org.scalatest.Transformer.apply$$anonfun$1(Transformer.scala:22)[0m[0m
[0m[[0m[0minfo[0m] [0m[0m[31m  at org.scalatest.OutcomeOf.outcomeOf(OutcomeOf.scala:85)[0m[0m
[0m[[0m[0minfo[0m] [0m[0m[31m  at org.scalatest.OutcomeOf.outcomeOf$(OutcomeOf.scala:31)[0m[0m
[0m[[0m[0minfo[0m] [0m[0m[31m  at org.scalatest.OutcomeOf$.outcomeOf(OutcomeOf.scala:104)[0m[0m
[0m[[0m[0minfo[0m] [0m[0m[31m  at org.scalatest.Transformer.apply(Transformer.scala:22)[0m[0m
[0m[[0m[0minfo[0m] [0m[0m[31m  at org.scalatest.Transformer.apply(Transformer.scala:21)[0m[0m
[0m[[0m[0minfo[0m] [0m[0m[31m  at org.scalatest.propspec.AnyPropSpecLike$$anon$1.apply(AnyPropSpecLike.scala:204)[0m[0m
[0m[[0m[0minfo[0m] [0m[0m[31m  ...[0m[0m
[0m[[0m[0minfo[0m] [0m[0m[32mfp1tests:[0m[0m
[0m[[0m[0minfo[0m] [0m[0m[31m- EX01 - factTest *** FAILED ***[0m[0m
[0m[[0m[0minfo[0m] [0m[0m[31m  List() did not equal List(1, 2, 6, 24, 120) (fp1tests.scala:14)[0m[0m
[0m[[0m[0minfo[0m] [0m[0m[31m  Analysis:[0m[0m
[0m[[0m[0minfo[0m] [0m[0m[31m  Nil$(0: -> 1, 1: -> 2, 2: -> 6, 3: -> 24, 4: -> 120)[0m[0m
[0m[[0m[0minfo[0m] [0m[0m[31m- EX02 - fib *** FAILED ***[0m[0m
[0m[[0m[0minfo[0m] [0m[0m[31m  UnsupportedOperationException was thrown during property evaluation. (fp1tests.scala:35)[0m[0m
[0m[[0m[0minfo[0m] [0m[0m[31m    Message: "None"[0m[0m
[0m[[0m[0minfo[0m] [0m[0m[31m    Occurred at table row 0 (zero based, not counting headings), which had values ([0m[0m
[0m[[0m[0minfo[0m] [0m[0m[31m      n = 0,[0m[0m
[0m[[0m[0minfo[0m] [0m[0m[31m      fib (n) = 0[0m[0m
[0m[[0m[0minfo[0m] [0m[0m[31m    )[0m[0m
[0m[[0m[0minfo[0m] [0m[0m[31m- EX03 - p1 *** FAILED ***[0m[0m
[0m[[0m[0minfo[0m] [0m[0m[31m  -1 did not equal 7 (fp1tests.scala:40)[0m[0m
[0m[[0m[0minfo[0m] [0m[0m[31m- EX04 - t1 *** FAILED ***[0m[0m
[0m[[0m[0minfo[0m] [0m[0m[31m  -1 did not equal 7 (fp1tests.scala:46)[0m[0m
[0m[[0m[0minfo[0m] [0m[0m[31m- EX05 - swap *** FAILED ***[0m[0m
[0m[[0m[0minfo[0m] [0m[0m[31m  java.lang.UnsupportedOperationException:[0m[0m
[0m[[0m[0minfo[0m] [0m[0m[31m  at fp1$.swap(fp1.scala:129)[0m[0m
[0m[[0m[0minfo[0m] [0m[0m[31m  at fp1tests.testFun$proxy5$1(fp1tests.scala:52)[0m[0m
[0m[[0m[0minfo[0m] [0m[0m[31m  at fp1tests.$init$$$anonfun$6(fp1tests.scala:51)[0m[0m
[0m[[0m[0minfo[0m] [0m[0m[31m  at org.scalatest.Transformer.apply$$anonfun$1(Transformer.scala:22)[0m[0m
[0m[[0m[0minfo[0m] [0m[0m[31m  at org.scalatest.OutcomeOf.outcomeOf(OutcomeOf.scala:85)[0m[0m
[0m[[0m[0minfo[0m] [0m[0m[31m  at org.scalatest.OutcomeOf.outcomeOf$(OutcomeOf.scala:31)[0m[0m
[0m[[0m[0minfo[0m] [0m[0m[31m  at org.scalatest.OutcomeOf$.outcomeOf(OutcomeOf.scala:104)[0m[0m
[0m[[0m[0minfo[0m] [0m[0m[31m  at org.scalatest.Transformer.apply(Transformer.scala:22)[0m[0m
[0m[[0m[0minfo[0m] [0m[0m[31m  at org.scalatest.Transformer.apply(Transformer.scala:21)[0m[0m
[0m[[0m[0minfo[0m] [0m[0m[31m  at org.scalatest.propspec.AnyPropSpecLike$$anon$1.apply(AnyPropSpecLike.scala:204)[0m[0m
[0m[[0m[0minfo[0m] [0m[0m[31m  ...[0m[0m
[0m[[0m[0minfo[0m] [0m[0m[31m- EX06 - sum *** FAILED ***[0m[0m
[0m[[0m[0minfo[0m] [0m[0m[31m  UnsupportedOperationException was thrown during property evaluation. (fp1tests.scala:67)[0m[0m
[0m[[0m[0minfo[0m] [0m[0m[31m    Message: "None"[0m[0m
[0m[[0m[0minfo[0m] [0m[0m[31m    Occurred at table row 0 (zero based, not counting headings), which had values ([0m[0m
[0m[[0m[0minfo[0m] [0m[0m[31m      xs = List(),[0m[0m
[0m[[0m[0minfo[0m] [0m[0m[31m      sum (xs) = 0[0m[0m
[0m[[0m[0minfo[0m] [0m[0m[31m    )[0m[0m
[0m[[0m[0minfo[0m] [0m[0m[31m- EX07 - sumTail *** FAILED ***[0m[0m
[0m[[0m[0minfo[0m] [0m[0m[31m  UnsupportedOperationException was thrown during property evaluation. (fp1tests.scala:73)[0m[0m
[0m[[0m[0minfo[0m] [0m[0m[31m    Message: "None"[0m[0m
[0m[[0m[0minfo[0m] [0m[0m[31m    Occurred at table row 0 (zero based, not counting headings), which had values ([0m[0m
[0m[[0m[0minfo[0m] [0m[0m[31m      xs = List(),[0m[0m
[0m[[0m[0minfo[0m] [0m[0m[31m      sum (xs) = 0[0m[0m
[0m[[0m[0minfo[0m] [0m[0m[31m    )[0m[0m
[0m[[0m[0minfo[0m] [0m[0m[31m- EX08 - maxList *** FAILED ***[0m[0m
[0m[[0m[0minfo[0m] [0m[0m[31m  NoSuchElementException was thrown during property evaluation. (fp1tests.scala:91)[0m[0m
[0m[[0m[0minfo[0m] [0m[0m[31m    Message: "None"[0m[0m
[0m[[0m[0minfo[0m] [0m[0m[31m    Occurred at table row 0 (zero based, not counting headings), which had values ([0m[0m
[0m[[0m[0minfo[0m] [0m[0m[31m      xs = List(15),[0m[0m
[0m[[0m[0minfo[0m] [0m[0m[31m      max (xs) = 15[0m[0m
[0m[[0m[0minfo[0m] [0m[0m[31m    )[0m[0m
[0m[[0m[0minfo[0m] [0m[0m[31m- EX09 - maxTailAux *** FAILED ***[0m[0m
[0m[[0m[0minfo[0m] [0m[0m[31m  UnsupportedOperationException was thrown during property evaluation. (fp1tests.scala:101)[0m[0m
[0m[[0m[0minfo[0m] [0m[0m[31m    Message: "None"[0m[0m
[0m[[0m[0minfo[0m] [0m[0m[31m    Occurred at table row 0 (zero based, not counting headings), which had values ([0m[0m
[0m[[0m[0minfo[0m] [0m[0m[31m      xs = List(15),[0m[0m
[0m[[0m[0minfo[0m] [0m[0m[31m      max (xs) = 15[0m[0m
[0m[[0m[0minfo[0m] [0m[0m[31m    )[0m[0m
[0m[[0m[0minfo[0m] [0m[0m[31m- EX10 - otpu *** FAILED ***[0m[0m
[0m[[0m[0minfo[0m] [0m[0m[31m  UnsupportedOperationException was thrown during property evaluation. (fp1tests.scala:116)[0m[0m
[0m[[0m[0minfo[0m] [0m[0m[31m    Message: "None"[0m[0m
[0m[[0m[0minfo[0m] [0m[0m[31m    Occurred at table row 0 (zero based, not counting headings), which had values ([0m[0m
[0m[[0m[0minfo[0m] [0m[0m[31m      start = 20,[0m[0m
[0m[[0m[0minfo[0m] [0m[0m[31m      end = 10,[0m[0m
[0m[[0m[0minfo[0m] [0m[0m[31m      otpu (start, end) = List(20, 19, 18, 17, 16, 15, 14, 13, 12, 11, 10)[0m[0m
[0m[[0m[0minfo[0m] [0m[0m[31m    )[0m[0m
[0m[[0m[0minfo[0m] [0m[0m[36mRun completed in 1 second, 7 milliseconds.[0m[0m
[0m[[0m[0minfo[0m] [0m[0m[36mTotal number of tests run: 38[0m[0m
[0m[[0m[0minfo[0m] [0m[0m[36mSuites: completed 4, aborted 0[0m[0m
[0m[[0m[0minfo[0m] [0m[0m[36mTests: succeeded 8, failed 30, canceled 0, ignored 0, pending 0[0m[0m
[0m[[0m[0minfo[0m] [0m[0m[31m*** 30 TESTS FAILED ***[0m[0m
[0m[[0m[0mdebug[0m] [0m[0mPassed tests:[0m
[0m[[0m[0mdebug[0m] [0m[0m	fp4tests[0m
[0m[[0m[31merror[0m] [0m[0mFailed tests:[0m
[0m[[0m[31merror[0m] [0m[0m	fp1tests[0m
[0m[[0m[31merror[0m] [0m[0m	fp3tests[0m
[0m[[0m[31merror[0m] [0m[0m	fp2tests[0m
[0m[[0m[31merror[0m] [0m[0m(Test / [31mtest[0m) sbt.TestsFailedException: Tests unsuccessful[0m
