<?xml version='1.0' encoding='UTF-8'?>
<testsuite hostname="portable" name="fp3tests" tests="10" errors="0" failures="3" skipped="0" time="0.079" timestamp="2023-11-11T21:01:20">
          <properties>
[...]
</properties>
          <testcase classname="fp3tests" name="EX01 - member" time="0.063">
                      
                    </testcase><testcase classname="fp3tests" name="EX02 - allEqual" time="0.0">
                      
                    </testcase><testcase classname="fp3tests" name="EX03 - stringLengths" time="0.0">
                      
                    </testcase><testcase classname="fp3tests" name="EX04 - delete1" time="0.0">
                      
                    </testcase><testcase classname="fp3tests" name="EX05 - delete2" time="0.0">
                      
                    </testcase><testcase classname="fp3tests" name="EX06 - delete3" time="0.0">
                      
                    </testcase><testcase classname="fp3tests" name="EX07 - removeDupes1" time="0.0">
                      
                    </testcase><testcase classname="fp3tests" name="EX08 - removeDupes2" time="0.0">
                      <failure type="java.lang.UnsupportedOperationException">java.lang.UnsupportedOperationException
	at fp3$.removeDupes2(fp3.scala:140)
	at fp3tests.testFun$proxy8$1(fp3tests.scala:56)
	at fp3tests.$init$$$anonfun$9(fp3tests.scala:55)
	at org.scalatest.Transformer.apply$$anonfun$1(Transformer.scala:22)
	at org.scalatest.OutcomeOf.outcomeOf(OutcomeOf.scala:85)
	at org.scalatest.OutcomeOf.outcomeOf$(OutcomeOf.scala:31)
	at org.scalatest.OutcomeOf$.outcomeOf(OutcomeOf.scala:104)
	at org.scalatest.Transformer.apply(Transformer.scala:22)
	at org.scalatest.Transformer.apply(Transformer.scala:21)
	at org.scalatest.propspec.AnyPropSpecLike$$anon$1.apply(AnyPropSpecLike.scala:204)
	at org.scalatest.TestSuite.withFixture(TestSuite.scala:196)
	at org.scalatest.TestSuite.withFixture$(TestSuite.scala:138)
	at UnitSpec.org$scalatest$concurrent$TimeLimitedTests$$super$withFixture(UnitSpec.scala:6)
	at org.scalatest.concurrent.TimeLimitedTests.withFixture$$anonfun$3(TimeLimitedTests.scala:154)
	at org.scalatest.enablers.Timed$$anon$1.timeoutAfter(Timed.scala:127)
	at org.scalatest.concurrent.TimeLimits$.failAfterImpl(TimeLimits.scala:282)
	at org.scalatest.concurrent.TimeLimitedTests.withFixture(TimeLimitedTests.scala:155)
	at org.scalatest.concurrent.TimeLimitedTests.withFixture$(TimeLimitedTests.scala:142)
	at UnitSpec.withFixture(UnitSpec.scala:6)
	at org.scalatest.propspec.AnyPropSpecLike.invokeWithFixture$1(AnyPropSpecLike.scala:210)
	at org.scalatest.propspec.AnyPropSpecLike.runTest$$anonfun$1(AnyPropSpecLike.scala:214)
	at org.scalatest.SuperEngine.runTestImpl(Engine.scala:306)
	at org.scalatest.propspec.AnyPropSpecLike.runTest(AnyPropSpecLike.scala:214)
	at org.scalatest.propspec.AnyPropSpecLike.runTest$(AnyPropSpecLike.scala:45)
	at org.scalatest.propspec.AnyPropSpec.runTest(AnyPropSpec.scala:875)
	at org.scalatest.propspec.AnyPropSpecLike.runTests$$anonfun$1(AnyPropSpecLike.scala:247)
	at org.scalatest.SuperEngine.traverseSubNodes$1$$anonfun$1(Engine.scala:413)
	at scala.runtime.function.JProcedure1.apply(JProcedure1.java:15)
	at scala.runtime.function.JProcedure1.apply(JProcedure1.java:10)
	at scala.collection.immutable.List.foreach(List.scala:333)
	at org.scalatest.SuperEngine.traverseSubNodes$1(Engine.scala:429)
	at org.scalatest.SuperEngine.runTestsInBranch(Engine.scala:396)
	at org.scalatest.SuperEngine.runTestsImpl(Engine.scala:475)
	at org.scalatest.propspec.AnyPropSpecLike.runTests(AnyPropSpecLike.scala:247)
	at org.scalatest.propspec.AnyPropSpecLike.runTests$(AnyPropSpecLike.scala:45)
	at org.scalatest.propspec.AnyPropSpec.runTests(AnyPropSpec.scala:875)
	at org.scalatest.Suite.run(Suite.scala:1114)
	at org.scalatest.Suite.run$(Suite.scala:564)
	at org.scalatest.propspec.AnyPropSpec.org$scalatest$propspec$AnyPropSpecLike$$super$run(AnyPropSpec.scala:875)
	at org.scalatest.propspec.AnyPropSpecLike.run$$anonfun$1(AnyPropSpecLike.scala:251)
	at org.scalatest.SuperEngine.runImpl(Engine.scala:535)
	at org.scalatest.propspec.AnyPropSpecLike.run(AnyPropSpecLike.scala:251)
	at org.scalatest.propspec.AnyPropSpecLike.run$(AnyPropSpecLike.scala:45)
	at org.scalatest.propspec.AnyPropSpec.run(AnyPropSpec.scala:875)
	at org.scalatest.tools.Framework.org$scalatest$tools$Framework$$runSuite(Framework.scala:321)
	at org.scalatest.tools.Framework$ScalaTestTask.execute(Framework.scala:517)
	at sbt.TestRunner.runTest$1(TestFramework.scala:153)
	at sbt.TestRunner.run(TestFramework.scala:168)
	at sbt.TestFramework$$anon$3$$anonfun$$lessinit$greater$1.$anonfun$apply$1(TestFramework.scala:336)
	at sbt.TestFramework$.sbt$TestFramework$$withContextLoader(TestFramework.scala:296)
	at sbt.TestFramework$$anon$3$$anonfun$$lessinit$greater$1.apply(TestFramework.scala:336)
	at sbt.TestFramework$$anon$3$$anonfun$$lessinit$greater$1.apply(TestFramework.scala:336)
	at sbt.TestFunction.apply(TestFramework.scala:348)
	at sbt.Tests$.$anonfun$toTask$1(Tests.scala:436)
	at sbt.std.Transform$$anon$3.$anonfun$apply$2(Transform.scala:47)
	at sbt.std.Transform$$anon$4.work(Transform.scala:69)
	at sbt.Execute.$anonfun$submit$2(Execute.scala:283)
	at sbt.internal.util.ErrorHandling$.wideConvert(ErrorHandling.scala:24)
	at sbt.Execute.work(Execute.scala:292)
	at sbt.Execute.$anonfun$submit$1(Execute.scala:283)
	at sbt.ConcurrentRestrictions$$anon$4.$anonfun$submitValid$1(ConcurrentRestrictions.scala:265)
	at sbt.CompletionService$$anon$2.call(CompletionService.scala:65)
	at java.base/java.util.concurrent.FutureTask.run(FutureTask.java:264)
	at java.base/java.util.concurrent.Executors$RunnableAdapter.call(Executors.java:539)
	at java.base/java.util.concurrent.FutureTask.run(FutureTask.java:264)
	at java.base/java.util.concurrent.ThreadPoolExecutor.runWorker(ThreadPoolExecutor.java:1136)
	at java.base/java.util.concurrent.ThreadPoolExecutor$Worker.run(ThreadPoolExecutor.java:635)
	at java.base/java.lang.Thread.run(Thread.java:833)
</failure>
                    </testcase><testcase classname="fp3tests" name="EX09 - splitAt" time="0.0">
                      <failure type="java.lang.UnsupportedOperationException">java.lang.UnsupportedOperationException
	at fp3$.splitAt(fp3.scala:178)
	at fp3tests.testFun$proxy9$1(fp3tests.scala:61)
	at fp3tests.$init$$$anonfun$10(fp3tests.scala:60)
	at org.scalatest.Transformer.apply$$anonfun$1(Transformer.scala:22)
	at org.scalatest.OutcomeOf.outcomeOf(OutcomeOf.scala:85)
	at org.scalatest.OutcomeOf.outcomeOf$(OutcomeOf.scala:31)
	at org.scalatest.OutcomeOf$.outcomeOf(OutcomeOf.scala:104)
	at org.scalatest.Transformer.apply(Transformer.scala:22)
	at org.scalatest.Transformer.apply(Transformer.scala:21)
	at org.scalatest.propspec.AnyPropSpecLike$$anon$1.apply(AnyPropSpecLike.scala:204)
	at org.scalatest.TestSuite.withFixture(TestSuite.scala:196)
	at org.scalatest.TestSuite.withFixture$(TestSuite.scala:138)
	at UnitSpec.org$scalatest$concurrent$TimeLimitedTests$$super$withFixture(UnitSpec.scala:6)
	at org.scalatest.concurrent.TimeLimitedTests.withFixture$$anonfun$3(TimeLimitedTests.scala:154)
	at org.scalatest.enablers.Timed$$anon$1.timeoutAfter(Timed.scala:127)
	at org.scalatest.concurrent.TimeLimits$.failAfterImpl(TimeLimits.scala:282)
	at org.scalatest.concurrent.TimeLimitedTests.withFixture(TimeLimitedTests.scala:155)
	at org.scalatest.concurrent.TimeLimitedTests.withFixture$(TimeLimitedTests.scala:142)
	at UnitSpec.withFixture(UnitSpec.scala:6)
	at org.scalatest.propspec.AnyPropSpecLike.invokeWithFixture$1(AnyPropSpecLike.scala:210)
	at org.scalatest.propspec.AnyPropSpecLike.runTest$$anonfun$1(AnyPropSpecLike.scala:214)
	at org.scalatest.SuperEngine.runTestImpl(Engine.scala:306)
	at org.scalatest.propspec.AnyPropSpecLike.runTest(AnyPropSpecLike.scala:214)
	at org.scalatest.propspec.AnyPropSpecLike.runTest$(AnyPropSpecLike.scala:45)
	at org.scalatest.propspec.AnyPropSpec.runTest(AnyPropSpec.scala:875)
	at org.scalatest.propspec.AnyPropSpecLike.runTests$$anonfun$1(AnyPropSpecLike.scala:247)
	at org.scalatest.SuperEngine.traverseSubNodes$1$$anonfun$1(Engine.scala:413)
	at scala.runtime.function.JProcedure1.apply(JProcedure1.java:15)
	at scala.runtime.function.JProcedure1.apply(JProcedure1.java:10)
	at scala.collection.immutable.List.foreach(List.scala:333)
	at org.scalatest.SuperEngine.traverseSubNodes$1(Engine.scala:429)
	at org.scalatest.SuperEngine.runTestsInBranch(Engine.scala:396)
	at org.scalatest.SuperEngine.runTestsImpl(Engine.scala:475)
	at org.scalatest.propspec.AnyPropSpecLike.runTests(AnyPropSpecLike.scala:247)
	at org.scalatest.propspec.AnyPropSpecLike.runTests$(AnyPropSpecLike.scala:45)
	at org.scalatest.propspec.AnyPropSpec.runTests(AnyPropSpec.scala:875)
	at org.scalatest.Suite.run(Suite.scala:1114)
	at org.scalatest.Suite.run$(Suite.scala:564)
	at org.scalatest.propspec.AnyPropSpec.org$scalatest$propspec$AnyPropSpecLike$$super$run(AnyPropSpec.scala:875)
	at org.scalatest.propspec.AnyPropSpecLike.run$$anonfun$1(AnyPropSpecLike.scala:251)
	at org.scalatest.SuperEngine.runImpl(Engine.scala:535)
	at org.scalatest.propspec.AnyPropSpecLike.run(AnyPropSpecLike.scala:251)
	at org.scalatest.propspec.AnyPropSpecLike.run$(AnyPropSpecLike.scala:45)
	at org.scalatest.propspec.AnyPropSpec.run(AnyPropSpec.scala:875)
	at org.scalatest.tools.Framework.org$scalatest$tools$Framework$$runSuite(Framework.scala:321)
	at org.scalatest.tools.Framework$ScalaTestTask.execute(Framework.scala:517)
	at sbt.TestRunner.runTest$1(TestFramework.scala:153)
	at sbt.TestRunner.run(TestFramework.scala:168)
	at sbt.TestFramework$$anon$3$$anonfun$$lessinit$greater$1.$anonfun$apply$1(TestFramework.scala:336)
	at sbt.TestFramework$.sbt$TestFramework$$withContextLoader(TestFramework.scala:296)
	at sbt.TestFramework$$anon$3$$anonfun$$lessinit$greater$1.apply(TestFramework.scala:336)
	at sbt.TestFramework$$anon$3$$anonfun$$lessinit$greater$1.apply(TestFramework.scala:336)
	at sbt.TestFunction.apply(TestFramework.scala:348)
	at sbt.Tests$.$anonfun$toTask$1(Tests.scala:436)
	at sbt.std.Transform$$anon$3.$anonfun$apply$2(Transform.scala:47)
	at sbt.std.Transform$$anon$4.work(Transform.scala:69)
	at sbt.Execute.$anonfun$submit$2(Execute.scala:283)
	at sbt.internal.util.ErrorHandling$.wideConvert(ErrorHandling.scala:24)
	at sbt.Execute.work(Execute.scala:292)
	at sbt.Execute.$anonfun$submit$1(Execute.scala:283)
	at sbt.ConcurrentRestrictions$$anon$4.$anonfun$submitValid$1(ConcurrentRestrictions.scala:265)
	at sbt.CompletionService$$anon$2.call(CompletionService.scala:65)
	at java.base/java.util.concurrent.FutureTask.run(FutureTask.java:264)
	at java.base/java.util.concurrent.Executors$RunnableAdapter.call(Executors.java:539)
	at java.base/java.util.concurrent.FutureTask.run(FutureTask.java:264)
	at java.base/java.util.concurrent.ThreadPoolExecutor.runWorker(ThreadPoolExecutor.java:1136)
	at java.base/java.util.concurrent.ThreadPoolExecutor$Worker.run(ThreadPoolExecutor.java:635)
	at java.base/java.lang.Thread.run(Thread.java:833)
</failure>
                    </testcase><testcase classname="fp3tests" name="EX10 - allDistinct" time="0.016">
                      <failure type="java.lang.UnsupportedOperationException">java.lang.UnsupportedOperationException
	at fp3$.allDistinct(fp3.scala:194)
	at fp3tests.testFun$proxy10$1(fp3tests.scala:70)
	at fp3tests.$init$$$anonfun$11(fp3tests.scala:69)
	at org.scalatest.Transformer.apply$$anonfun$1(Transformer.scala:22)
	at org.scalatest.OutcomeOf.outcomeOf(OutcomeOf.scala:85)
	at org.scalatest.OutcomeOf.outcomeOf$(OutcomeOf.scala:31)
	at org.scalatest.OutcomeOf$.outcomeOf(OutcomeOf.scala:104)
	at org.scalatest.Transformer.apply(Transformer.scala:22)
	at org.scalatest.Transformer.apply(Transformer.scala:21)
	at org.scalatest.propspec.AnyPropSpecLike$$anon$1.apply(AnyPropSpecLike.scala:204)
	at org.scalatest.TestSuite.withFixture(TestSuite.scala:196)
	at org.scalatest.TestSuite.withFixture$(TestSuite.scala:138)
	at UnitSpec.org$scalatest$concurrent$TimeLimitedTests$$super$withFixture(UnitSpec.scala:6)
	at org.scalatest.concurrent.TimeLimitedTests.withFixture$$anonfun$3(TimeLimitedTests.scala:154)
	at org.scalatest.enablers.Timed$$anon$1.timeoutAfter(Timed.scala:127)
	at org.scalatest.concurrent.TimeLimits$.failAfterImpl(TimeLimits.scala:282)
	at org.scalatest.concurrent.TimeLimitedTests.withFixture(TimeLimitedTests.scala:155)
	at org.scalatest.concurrent.TimeLimitedTests.withFixture$(TimeLimitedTests.scala:142)
	at UnitSpec.withFixture(UnitSpec.scala:6)
	at org.scalatest.propspec.AnyPropSpecLike.invokeWithFixture$1(AnyPropSpecLike.scala:210)
	at org.scalatest.propspec.AnyPropSpecLike.runTest$$anonfun$1(AnyPropSpecLike.scala:214)
	at org.scalatest.SuperEngine.runTestImpl(Engine.scala:306)
	at org.scalatest.propspec.AnyPropSpecLike.runTest(AnyPropSpecLike.scala:214)
	at org.scalatest.propspec.AnyPropSpecLike.runTest$(AnyPropSpecLike.scala:45)
	at org.scalatest.propspec.AnyPropSpec.runTest(AnyPropSpec.scala:875)
	at org.scalatest.propspec.AnyPropSpecLike.runTests$$anonfun$1(AnyPropSpecLike.scala:247)
	at org.scalatest.SuperEngine.traverseSubNodes$1$$anonfun$1(Engine.scala:413)
	at scala.runtime.function.JProcedure1.apply(JProcedure1.java:15)
	at scala.runtime.function.JProcedure1.apply(JProcedure1.java:10)
	at scala.collection.immutable.List.foreach(List.scala:333)
	at org.scalatest.SuperEngine.traverseSubNodes$1(Engine.scala:429)
	at org.scalatest.SuperEngine.runTestsInBranch(Engine.scala:396)
	at org.scalatest.SuperEngine.runTestsImpl(Engine.scala:475)
	at org.scalatest.propspec.AnyPropSpecLike.runTests(AnyPropSpecLike.scala:247)
	at org.scalatest.propspec.AnyPropSpecLike.runTests$(AnyPropSpecLike.scala:45)
	at org.scalatest.propspec.AnyPropSpec.runTests(AnyPropSpec.scala:875)
	at org.scalatest.Suite.run(Suite.scala:1114)
	at org.scalatest.Suite.run$(Suite.scala:564)
	at org.scalatest.propspec.AnyPropSpec.org$scalatest$propspec$AnyPropSpecLike$$super$run(AnyPropSpec.scala:875)
	at org.scalatest.propspec.AnyPropSpecLike.run$$anonfun$1(AnyPropSpecLike.scala:251)
	at org.scalatest.SuperEngine.runImpl(Engine.scala:535)
	at org.scalatest.propspec.AnyPropSpecLike.run(AnyPropSpecLike.scala:251)
	at org.scalatest.propspec.AnyPropSpecLike.run$(AnyPropSpecLike.scala:45)
	at org.scalatest.propspec.AnyPropSpec.run(AnyPropSpec.scala:875)
	at org.scalatest.tools.Framework.org$scalatest$tools$Framework$$runSuite(Framework.scala:321)
	at org.scalatest.tools.Framework$ScalaTestTask.execute(Framework.scala:517)
	at sbt.TestRunner.runTest$1(TestFramework.scala:153)
	at sbt.TestRunner.run(TestFramework.scala:168)
	at sbt.TestFramework$$anon$3$$anonfun$$lessinit$greater$1.$anonfun$apply$1(TestFramework.scala:336)
	at sbt.TestFramework$.sbt$TestFramework$$withContextLoader(TestFramework.scala:296)
	at sbt.TestFramework$$anon$3$$anonfun$$lessinit$greater$1.apply(TestFramework.scala:336)
	at sbt.TestFramework$$anon$3$$anonfun$$lessinit$greater$1.apply(TestFramework.scala:336)
	at sbt.TestFunction.apply(TestFramework.scala:348)
	at sbt.Tests$.$anonfun$toTask$1(Tests.scala:436)
	at sbt.std.Transform$$anon$3.$anonfun$apply$2(Transform.scala:47)
	at sbt.std.Transform$$anon$4.work(Transform.scala:69)
	at sbt.Execute.$anonfun$submit$2(Execute.scala:283)
	at sbt.internal.util.ErrorHandling$.wideConvert(ErrorHandling.scala:24)
	at sbt.Execute.work(Execute.scala:292)
	at sbt.Execute.$anonfun$submit$1(Execute.scala:283)
	at sbt.ConcurrentRestrictions$$anon$4.$anonfun$submitValid$1(ConcurrentRestrictions.scala:265)
	at sbt.CompletionService$$anon$2.call(CompletionService.scala:65)
	at java.base/java.util.concurrent.FutureTask.run(FutureTask.java:264)
	at java.base/java.util.concurrent.Executors$RunnableAdapter.call(Executors.java:539)
	at java.base/java.util.concurrent.FutureTask.run(FutureTask.java:264)
	at java.base/java.util.concurrent.ThreadPoolExecutor.runWorker(ThreadPoolExecutor.java:1136)
	at java.base/java.util.concurrent.ThreadPoolExecutor$Worker.run(ThreadPoolExecutor.java:635)
	at java.base/java.lang.Thread.run(Thread.java:833)
</failure>
                    </testcase>
          <system-out><![CDATA[]]></system-out>
          <system-err><![CDATA[]]></system-err>
        </testsuite>